[Thu Jun 14 22:01:42 2012] [error] [client ::1] File does not exist: /Users/mullets/Projects/croma/_imgs/bg_input.gif, referer: http://localhost/
[Thu Jun 14 22:02:10 2012] [error] [client ::1] File does not exist: /Users/mullets/Projects/croma/_imgs/background.jpg, referer: http://localhost/index.php
[Thu Jun 14 22:02:10 2012] [error] [client ::1] File does not exist: /Users/mullets/Projects/croma/_imgs/frente.png, referer: http://localhost/index.php
[Thu Jun 14 22:02:10 2012] [error] [client ::1] File does not exist: /Users/mullets/Projects/croma/_imgs/enviar.png, referer: http://localhost/index.php
[Thu Jun 14 22:02:13 2012] [error] [client ::1] File does not exist: /Users/mullets/Projects/croma/_imgs/bg_input.gif, referer: http://localhost/index.html
[Thu Jun 14 22:03:55 2012] [error] [client ::1] File does not exist: /Users/mullets/Projects/croma/index.html
[Thu Jun 14 22:03:56 2012] [error] [client ::1] File does not exist: /Users/mullets/Projects/croma/index.html
[Thu Jun 14 22:03:58 2012] [error] [client ::1] File does not exist: /Users/mullets/Projects/croma/_imgs/bg_input.gif, referer: http://localhost/
[Thu Jun 14 22:03:59 2012] [error] [client ::1] File does not exist: /Users/mullets/Projects/croma/_imgs/bg_input.gif, referer: http://localhost/
[Thu Jun 14 22:04:43 2012] [error] [client ::1] File does not exist: /Users/mullets/Projects/croma/_imgs/bg_input.gif, referer: http://localhost/
[Thu Jun 14 22:07:10 2012] [error] [client ::1] File does not exist: /Users/mullets/Projects/croma/_imgs/bg_input.gif, referer: http://localhost/
[Thu Jun 14 22:07:50 2012] [error] [client ::1] File does not exist: /Users/mullets/Projects/croma/_imgs/bg_input.gif, referer: http://localhost/
[Thu Jun 14 22:08:44 2012] [error] [client ::1] File does not exist: /Users/mullets/Projects/croma/_imgs/bg_input.gif, referer: http://localhost/
[Thu Jun 14 22:18:26 2012] [error] [client ::1] File does not exist: /Users/mullets/Projects/croma/_imgs/bg_input.gif, referer: http://localhost/empresa
[Thu Jun 14 22:18:29 2012] [error] [client ::1] File does not exist: /Users/mullets/Projects/croma/produtos, referer: http://localhost/empresa
[Thu Jun 14 22:18:45 2012] [error] [client ::1] script '/Users/mullets/Projects/croma/produtos.php' not found or unable to stat, referer: http://localhost/empresa
[Thu Jun 14 22:18:46 2012] [error] [client ::1] script '/Users/mullets/Projects/croma/produtos.php' not found or unable to stat, referer: http://localhost/empresa
[Thu Jun 14 22:18:46 2012] [error] [client ::1] script '/Users/mullets/Projects/croma/produtos.php' not found or unable to stat, referer: http://localhost/empresa
[Thu Jun 14 22:18:49 2012] [error] [client ::1] File does not exist: /Users/mullets/Projects/croma/_imgs/bg_input.gif, referer: http://localhost/empresa
[Thu Jun 14 22:20:03 2012] [error] [client ::1] script '/Users/mullets/Projects/croma/produtos.php' not found or unable to stat, referer: http://localhost/empresa
[Thu Jun 14 22:20:06 2012] [error] [client ::1] script '/Users/mullets/Projects/croma/central-do-cliente.php' not found or unable to stat, referer: http://localhost/empresa
[Thu Jun 14 22:20:07 2012] [error] [client ::1] script '/Users/mullets/Projects/croma/sustentabilidade.php' not found or unable to stat, referer: http://localhost/empresa
[Thu Jun 14 22:20:08 2012] [error] [client ::1] script '/Users/mullets/Projects/croma/atuacao.php' not found or unable to stat, referer: http://localhost/empresa
[Thu Jun 14 22:20:09 2012] [error] [client ::1] script '/Users/mullets/Projects/croma/processos.php' not found or unable to stat, referer: http://localhost/empresa
[Thu Jun 14 22:20:11 2012] [error] [client ::1] script '/Users/mullets/Projects/croma/intranet.php' not found or unable to stat, referer: http://localhost/empresa
[Thu Jun 14 22:20:12 2012] [error] [client ::1] script '/Users/mullets/Projects/croma/contato.php' not found or unable to stat, referer: http://localhost/empresa
[Thu Jun 14 22:21:05 2012] [error] [client ::1] File does not exist: /Users/mullets/Projects/croma/_imgs/bg_input.gif, referer: http://localhost/produtos
[Thu Jun 14 22:21:06 2012] [error] [client ::1] File does not exist: /Users/mullets/Projects/croma/_imgs/bg_input.gif, referer: http://localhost/produtos
[Thu Jun 14 22:21:09 2012] [error] [client ::1] File does not exist: /Users/mullets/Projects/croma/_imgs/bg_input.gif, referer: http://localhost/sustentabilidade
[Thu Jun 14 22:21:09 2012] [error] [client ::1] File does not exist: /Users/mullets/Projects/croma/_imgs/bg_input.gif, referer: http://localhost/atuacao
[Thu Jun 14 22:21:10 2012] [error] [client ::1] File does not exist: /Users/mullets/Projects/croma/_imgs/bg_input.gif, referer: http://localhost/processos
[Thu Jun 14 22:21:10 2012] [error] [client ::1] File does not exist: /Users/mullets/Projects/croma/_imgs/bg_input.gif, referer: http://localhost/intranet
[Thu Jun 14 22:21:11 2012] [error] [client ::1] File does not exist: /Users/mullets/Projects/croma/_imgs/bg_input.gif, referer: http://localhost/contato
[Thu Jun 14 22:24:51 2012] [error] [client ::1] File does not exist: /Users/mullets/Projects/croma/_imgs/bg_input.gif, referer: http://localhost/contato
[Thu Jun 14 22:24:52 2012] [error] [client ::1] File does not exist: /Users/mullets/Projects/croma/_imgs/bg_input.gif, referer: http://localhost/intranet
[Thu Jun 14 22:24:53 2012] [error] [client ::1] File does not exist: /Users/mullets/Projects/croma/_imgs/bg_input.gif, referer: http://localhost/processos
[Thu Jun 14 22:24:53 2012] [error] [client ::1] File does not exist: /Users/mullets/Projects/croma/_imgs/bg_input.gif, referer: http://localhost/atuacao
[Thu Jun 14 22:24:54 2012] [error] [client ::1] File does not exist: /Users/mullets/Projects/croma/_imgs/bg_input.gif, referer: http://localhost/sustentabilidade
[Thu Jun 14 22:24:55 2012] [error] [client ::1] File does not exist: /Users/mullets/Projects/croma/_imgs/bg_input.gif, referer: http://localhost/central-do-cliente
[Thu Jun 14 22:24:55 2012] [error] [client ::1] File does not exist: /Users/mullets/Projects/croma/_imgs/bg_input.gif, referer: http://localhost/produtos
[Thu Jun 14 22:24:56 2012] [error] [client ::1] File does not exist: /Users/mullets/Projects/croma/_imgs/bg_input.gif, referer: http://localhost/empresa
[Thu Jun 14 22:24:57 2012] [error] [client ::1] File does not exist: /Users/mullets/Projects/croma/_imgs/bg_input.gif, referer: http://localhost/produtos
[Thu Jun 14 22:25:00 2012] [error] [client ::1] File does not exist: /Users/mullets/Projects/croma/_imgs/bg_input.gif, referer: http://localhost/central-do-cliente
[Thu Jun 14 22:25:00 2012] [error] [client ::1] File does not exist: /Users/mullets/Projects/croma/_imgs/bg_input.gif, referer: http://localhost/sustentabilidade
[Thu Jun 14 22:25:00 2012] [error] [client ::1] File does not exist: /Users/mullets/Projects/croma/_imgs/bg_input.gif, referer: http://localhost/atuacao
[Thu Jun 14 22:25:01 2012] [error] [client ::1] File does not exist: /Users/mullets/Projects/croma/_imgs/bg_input.gif, referer: http://localhost/processos
[Thu Jun 14 22:25:01 2012] [error] [client ::1] File does not exist: /Users/mullets/Projects/croma/_imgs/bg_input.gif, referer: http://localhost/intranet
[Thu Jun 14 22:25:02 2012] [error] [client ::1] File does not exist: /Users/mullets/Projects/croma/_imgs/bg_input.gif, referer: http://localhost/contato
[Thu Jun 14 22:30:11 2012] [error] [client ::1] File does not exist: /Users/mullets/Projects/croma/_imgs/bg_input.gif, referer: http://localhost/contato
[Thu Jun 14 22:31:16 2012] [error] [client ::1] File does not exist: /Users/mullets/Projects/croma/_imgs/bg_input.gif, referer: http://localhost/contato
[Thu Jun 14 22:31:36 2012] [error] [client ::1] File does not exist: /Users/mullets/Projects/croma/_imgs/bg_input.gif, referer: http://localhost/contato
[Thu Jun 14 22:31:39 2012] [error] [client ::1] File does not exist: /Users/mullets/Projects/croma/_imgs/bg_input.gif, referer: http://localhost/contato
[Thu Jun 14 22:31:43 2012] [error] [client ::1] File does not exist: /Users/mullets/Projects/croma/_imgs/bg_input.gif, referer: http://localhost/contato
[Thu Jun 14 22:31:45 2012] [error] [client ::1] File does not exist: /Users/mullets/Projects/croma/_imgs/bg_input.gif, referer: http://localhost/home
[Thu Jun 14 22:31:46 2012] [error] [client ::1] File does not exist: /Users/mullets/Projects/croma/_imgs/bg_input.gif, referer: http://localhost/empresa
[Thu Jun 14 22:31:47 2012] [error] [client ::1] File does not exist: /Users/mullets/Projects/croma/_imgs/bg_input.gif, referer: http://localhost/home
[Thu Jun 14 22:32:23 2012] [error] [client ::1] File does not exist: /Users/mullets/Projects/croma/_imgs/bg_input.gif, referer: http://localhost/home
[Thu Jun 14 22:32:37 2012] [error] [client ::1] File does not exist: /Users/mullets/Projects/croma/_imgs/bg_input.gif, referer: http://localhost/empresa
[Thu Jun 14 22:33:08 2012] [error] [client ::1] File does not exist: /Users/mullets/Projects/croma/_imgs/bg_input.gif, referer: http://localhost/empresa
[Thu Jun 14 22:33:10 2012] [error] [client ::1] File does not exist: /Users/mullets/Projects/croma/_imgs/bg_input.gif, referer: http://localhost/produtos
[Thu Jun 14 22:33:32 2012] [error] [client ::1] File does not exist: /Users/mullets/Projects/croma/_imgs/bg_input.gif, referer: http://localhost/central-do-cliente
[Thu Jun 14 22:33:53 2012] [error] [client ::1] File does not exist: /Users/mullets/Projects/croma/_imgs/bg_input.gif, referer: http://localhost/central-do-cliente
[Thu Jun 14 22:33:54 2012] [error] [client ::1] File does not exist: /Users/mullets/Projects/croma/_imgs/bg_input.gif, referer: http://localhost/sustentabilidade
[Thu Jun 14 22:33:55 2012] [error] [client ::1] File does not exist: /Users/mullets/Projects/croma/_imgs/bg_input.gif, referer: http://localhost/atuacao
[Thu Jun 14 22:34:06 2012] [error] [client ::1] File does not exist: /Users/mullets/Projects/croma/_imgs/bg_input.gif, referer: http://localhost/processos
[Thu Jun 14 22:34:15 2012] [error] [client ::1] File does not exist: /Users/mullets/Projects/croma/_imgs/bg_input.gif, referer: http://localhost/processos
[Thu Jun 14 22:34:21 2012] [error] [client ::1] File does not exist: /Users/mullets/Projects/croma/_imgs/bg_input.gif, referer: http://localhost/intranet
[Thu Jun 14 22:34:32 2012] [error] [client ::1] File does not exist: /Users/mullets/Projects/croma/_imgs/bg_input.gif, referer: http://localhost/contato
[Thu Jun 14 22:34:52 2012] [error] [client ::1] File does not exist: /Users/mullets/Projects/croma/_imgs/bg_input.gif, referer: http://localhost/contato
[Thu Jun 14 22:34:53 2012] [error] [client ::1] File does not exist: /Users/mullets/Projects/croma/_imgs/bg_input.gif, referer: http://localhost/home
[Thu Jun 14 22:35:11 2012] [error] [client ::1] File does not exist: /Users/mullets/Projects/croma/_imgs/bg_input.gif, referer: http://localhost/empresa
[Thu Jun 14 22:35:12 2012] [error] [client ::1] File does not exist: /Users/mullets/Projects/croma/_imgs/bg_input.gif, referer: http://localhost/produtos
[Thu Jun 14 22:35:14 2012] [error] [client ::1] File does not exist: /Users/mullets/Projects/croma/_imgs/bg_input.gif, referer: http://localhost/central-do-cliente
[Thu Jun 14 22:35:14 2012] [error] [client ::1] File does not exist: /Users/mullets/Projects/croma/_imgs/bg_input.gif, referer: http://localhost/sustentabilidade
[Thu Jun 14 22:35:15 2012] [error] [client ::1] File does not exist: /Users/mullets/Projects/croma/_imgs/bg_input.gif, referer: http://localhost/atuacao
[Thu Jun 14 22:35:16 2012] [error] [client ::1] File does not exist: /Users/mullets/Projects/croma/_imgs/bg_input.gif, referer: http://localhost/processos
[Thu Jun 14 22:35:17 2012] [error] [client ::1] File does not exist: /Users/mullets/Projects/croma/_imgs/bg_input.gif, referer: http://localhost/intranet
[Thu Jun 14 22:35:18 2012] [error] [client ::1] File does not exist: /Users/mullets/Projects/croma/_imgs/bg_input.gif, referer: http://localhost/contato
[Thu Jun 14 22:37:01 2012] [error] [client ::1] File does not exist: /Users/mullets/Projects/croma/_imgs/bg_input.gif, referer: http://localhost/produtos
[Thu Jun 14 22:37:01 2012] [error] [client ::1] File does not exist: /Users/mullets/Projects/croma/_imgs/bg_input.gif, referer: http://localhost/central-do-cliente
[Thu Jun 14 22:37:02 2012] [error] [client ::1] File does not exist: /Users/mullets/Projects/croma/_imgs/bg_input.gif, referer: http://localhost/sustentabilidade
[Thu Jun 14 22:37:03 2012] [error] [client ::1] File does not exist: /Users/mullets/Projects/croma/_imgs/bg_input.gif, referer: http://localhost/atuacao
[Thu Jun 14 22:37:03 2012] [error] [client ::1] File does not exist: /Users/mullets/Projects/croma/_imgs/bg_input.gif, referer: http://localhost/processos
[Thu Jun 14 22:37:04 2012] [error] [client ::1] File does not exist: /Users/mullets/Projects/croma/_imgs/bg_input.gif, referer: http://localhost/intranet
[Thu Jun 14 22:37:05 2012] [error] [client ::1] File does not exist: /Users/mullets/Projects/croma/_imgs/bg_input.gif, referer: http://localhost/contato
[Thu Jun 14 22:37:06 2012] [error] [client ::1] File does not exist: /Users/mullets/Projects/croma/_imgs/bg_input.gif, referer: http://localhost/sustentabilidade
[Thu Jun 14 22:37:06 2012] [error] [client ::1] File does not exist: /Users/mullets/Projects/croma/_imgs/bg_input.gif, referer: http://localhost/central-do-cliente
[Thu Jun 14 22:37:07 2012] [error] [client ::1] File does not exist: /Users/mullets/Projects/croma/_imgs/bg_input.gif, referer: http://localhost/produtos
[Thu Jun 14 22:37:08 2012] [error] [client ::1] File does not exist: /Users/mullets/Projects/croma/_imgs/bg_input.gif, referer: http://localhost/empresa
[Thu Jun 14 22:37:22 2012] [error] [client ::1] File does not exist: /Users/mullets/Projects/croma/_imgs/bg_input.gif, referer: http://localhost/empresa
[Thu Jun 14 22:37:28 2012] [error] [client ::1] File does not exist: /Users/mullets/Projects/croma/_imgs/bg_input.gif, referer: http://localhost/sustentabilidade
[Thu Jun 14 22:40:59 2012] [error] [client ::1] File does not exist: /Users/mullets/Projects/croma/_imgs/bg_input.gif, referer: http://localhost/sustentabilidade
[Thu Jun 14 22:41:02 2012] [error] [client ::1] File does not exist: /Users/mullets/Projects/croma/_imgs/bg_input.gif, referer: http://localhost/central-do-cliente
[Thu Jun 14 22:41:04 2012] [error] [client ::1] File does not exist: /Users/mullets/Projects/croma/_imgs/bg_input.gif, referer: http://localhost/home
[Thu Jun 14 22:41:06 2012] [error] [client ::1] File does not exist: /Users/mullets/Projects/croma/_imgs/bg_input.gif, referer: http://localhost/empresa
[Thu Jun 14 22:41:27 2012] [error] [client ::1] File does not exist: /Users/mullets/Projects/croma/_imgs/bg_input.gif, referer: http://localhost/empresa
[Thu Jun 14 22:42:37 2012] [error] [client ::1] File does not exist: /Users/mullets/Projects/croma/_imgs/bg_input.gif, referer: http://localhost/empresa
[Thu Jun 14 22:42:46 2012] [error] [client ::1] File does not exist: /Users/mullets/Projects/croma/_imgs/bg_input.gif, referer: http://localhost/empresa
[Thu Jun 14 22:42:48 2012] [error] [client ::1] File does not exist: /Users/mullets/Projects/croma/_imgs/bg_input.gif, referer: http://localhost/contato
[Thu Jun 14 22:42:55 2012] [error] [client ::1] File does not exist: /Users/mullets/Projects/croma/_imgs/bg_input.gif, referer: http://localhost/intranet
[Thu Jun 14 22:42:55 2012] [error] [client ::1] File does not exist: /Users/mullets/Projects/croma/_imgs/bg_input.gif, referer: http://localhost/processos
[Thu Jun 14 22:43:04 2012] [error] [client ::1] File does not exist: /Users/mullets/Projects/croma/_imgs/bg_input.gif, referer: http://localhost/processos
[Thu Jun 14 22:43:15 2012] [error] [client ::1] File does not exist: /Users/mullets/Projects/croma/_imgs/bg_input.gif, referer: http://localhost/processos
[Thu Jun 14 22:43:16 2012] [error] [client ::1] File does not exist: /Users/mullets/Projects/croma/_imgs/bg_input.gif, referer: http://localhost/atuacao
[Thu Jun 14 22:43:16 2012] [error] [client ::1] File does not exist: /Users/mullets/Projects/croma/_imgs/bg_input.gif, referer: http://localhost/sustentabilidade
[Thu Jun 14 22:43:18 2012] [error] [client ::1] File does not exist: /Users/mullets/Projects/croma/_imgs/bg_input.gif, referer: http://localhost/central-do-cliente
[Thu Jun 14 22:43:22 2012] [error] [client ::1] File does not exist: /Users/mullets/Projects/croma/_imgs/bg_input.gif, referer: http://localhost/central-do-cliente
[Thu Jun 14 22:43:23 2012] [error] [client ::1] File does not exist: /Users/mullets/Projects/croma/_imgs/bg_input.gif, referer: http://localhost/produtos
[Thu Jun 14 22:43:31 2012] [error] [client ::1] File does not exist: /Users/mullets/Projects/croma/_imgs/bg_input.gif, referer: http://localhost/central-do-cliente
[Thu Jun 14 22:43:31 2012] [error] [client ::1] File does not exist: /Users/mullets/Projects/croma/_imgs/bg_input.gif, referer: http://localhost/produtos
[Thu Jun 14 22:43:39 2012] [error] [client ::1] File does not exist: /Users/mullets/Projects/croma/_imgs/bg_input.gif, referer: http://localhost/empresa
[Thu Jun 14 22:43:58 2012] [error] [client ::1] File does not exist: /Users/mullets/Projects/croma/_imgs/bg_input.gif, referer: http://localhost/empresa
[Thu Jun 14 22:43:59 2012] [error] [client ::1] File does not exist: /Users/mullets/Projects/croma/_imgs/bg_input.gif, referer: http://localhost/home
[Thu Jun 14 22:43:59 2012] [error] [client ::1] File does not exist: /Users/mullets/Projects/croma/_imgs/bg_input.gif, referer: http://localhost/empresa
[Thu Jun 14 22:44:00 2012] [error] [client ::1] File does not exist: /Users/mullets/Projects/croma/_imgs/bg_input.gif, referer: http://localhost/produtos
[Thu Jun 14 22:44:00 2012] [error] [client ::1] File does not exist: /Users/mullets/Projects/croma/_imgs/bg_input.gif, referer: http://localhost/central-do-cliente
[Thu Jun 14 22:44:01 2012] [error] [client ::1] File does not exist: /Users/mullets/Projects/croma/_imgs/bg_input.gif, referer: http://localhost/sustentabilidade
[Thu Jun 14 22:44:02 2012] [error] [client ::1] File does not exist: /Users/mullets/Projects/croma/_imgs/bg_input.gif, referer: http://localhost/atuacao
[Thu Jun 14 22:44:02 2012] [error] [client ::1] File does not exist: /Users/mullets/Projects/croma/_imgs/bg_input.gif, referer: http://localhost/processos
[Thu Jun 14 22:44:03 2012] [error] [client ::1] File does not exist: /Users/mullets/Projects/croma/_imgs/bg_input.gif, referer: http://localhost/intranet
[Thu Jun 14 22:44:03 2012] [error] [client ::1] File does not exist: /Users/mullets/Projects/croma/_imgs/bg_input.gif, referer: http://localhost/contato
[Thu Jun 14 22:44:05 2012] [error] [client ::1] File does not exist: /Users/mullets/Projects/croma/_imgs/bg_input.gif, referer: http://localhost/intranet
[Thu Jun 14 22:44:07 2012] [error] [client ::1] File does not exist: /Users/mullets/Projects/croma/_imgs/bg_input.gif, referer: http://localhost/processos
[Thu Jun 14 22:45:15 2012] [error] [client ::1] File does not exist: /Users/mullets/Projects/croma/_imgs/bg_input.gif, referer: http://localhost/processos
[Thu Jun 14 22:45:22 2012] [error] [client ::1] File does not exist: /Users/mullets/Projects/croma/_imgs/bg_input.gif, referer: http://localhost/empresa
[Thu Jun 14 22:45:23 2012] [error] [client ::1] File does not exist: /Users/mullets/Projects/croma/_imgs/bg_input.gif, referer: http://localhost/produtos
[Thu Jun 14 22:45:24 2012] [error] [client ::1] File does not exist: /Users/mullets/Projects/croma/_imgs/bg_input.gif, referer: http://localhost/central-do-cliente
[Thu Jun 14 22:45:25 2012] [error] [client ::1] File does not exist: /Users/mullets/Projects/croma/_imgs/bg_input.gif, referer: http://localhost/produtos
[Thu Jun 14 22:45:26 2012] [error] [client ::1] File does not exist: /Users/mullets/Projects/croma/_imgs/bg_input.gif, referer: http://localhost/central-do-cliente
[Thu Jun 14 22:45:27 2012] [error] [client ::1] File does not exist: /Users/mullets/Projects/croma/_imgs/bg_input.gif, referer: http://localhost/sustentabilidade
[Thu Jun 14 22:45:28 2012] [error] [client ::1] File does not exist: /Users/mullets/Projects/croma/_imgs/bg_input.gif, referer: http://localhost/atuacao
[Thu Jun 14 22:45:29 2012] [error] [client ::1] File does not exist: /Users/mullets/Projects/croma/_imgs/bg_input.gif, referer: http://localhost/processos
[Thu Jun 14 22:45:30 2012] [error] [client ::1] File does not exist: /Users/mullets/Projects/croma/_imgs/bg_input.gif, referer: http://localhost/intranet
[Thu Jun 14 22:46:38 2012] [error] [client ::1] File does not exist: /Users/mullets/Projects/croma/_imgs/bg_input.gif, referer: http://localhost/intranet
[Thu Jun 14 22:46:40 2012] [error] [client ::1] File does not exist: /Users/mullets/Projects/croma/_imgs/bg_input.gif, referer: http://localhost/produtos
[Thu Jun 14 22:46:41 2012] [error] [client ::1] File does not exist: /Users/mullets/Projects/croma/_imgs/bg_input.gif, referer: http://localhost/central-do-cliente
[Thu Jun 14 22:46:42 2012] [error] [client ::1] File does not exist: /Users/mullets/Projects/croma/_imgs/bg_input.gif, referer: http://localhost/sustentabilidade
[Thu Jun 14 22:46:43 2012] [error] [client ::1] File does not exist: /Users/mullets/Projects/croma/_imgs/bg_input.gif, referer: http://localhost/atuacao
[Thu Jun 14 22:46:43 2012] [error] [client ::1] File does not exist: /Users/mullets/Projects/croma/_imgs/bg_input.gif, referer: http://localhost/processos
[Thu Jun 14 22:46:44 2012] [error] [client ::1] File does not exist: /Users/mullets/Projects/croma/_imgs/bg_input.gif, referer: http://localhost/intranet
[Thu Jun 14 22:46:44 2012] [error] [client ::1] File does not exist: /Users/mullets/Projects/croma/_imgs/bg_input.gif, referer: http://localhost/contato
[Thu Jun 14 22:46:45 2012] [error] [client ::1] File does not exist: /Users/mullets/Projects/croma/_imgs/bg_input.gif, referer: http://localhost/central-do-cliente
[Thu Jun 14 22:46:46 2012] [error] [client ::1] File does not exist: /Users/mullets/Projects/croma/_imgs/bg_input.gif, referer: http://localhost/produtos
[Thu Jun 14 22:46:47 2012] [error] [client ::1] File does not exist: /Users/mullets/Projects/croma/_imgs/bg_input.gif, referer: http://localhost/empresa
[Thu Jun 14 22:47:41 2012] [error] [client ::1] File does not exist: /Users/mullets/Projects/croma/_imgs/bg_input.gif, referer: http://localhost/empresa
[Thu Jun 14 22:47:48 2012] [error] [client ::1] File does not exist: /Users/mullets/Projects/croma/_imgs/bg_input.gif, referer: http://localhost/processos
[Thu Jun 14 22:47:54 2012] [error] [client ::1] File does not exist: /Users/mullets/Projects/croma/_imgs/bg_input.gif, referer: http://localhost/processos
[Thu Jun 14 22:48:21 2012] [error] [client ::1] File does not exist: /Users/mullets/Projects/croma/_imgs/bg_input.gif, referer: http://localhost/processos
[Thu Jun 14 22:48:23 2012] [error] [client ::1] File does not exist: /Users/mullets/Projects/croma/_imgs/bg_input.gif, referer: http://localhost/empresa
[Thu Jun 14 22:48:24 2012] [error] [client ::1] File does not exist: /Users/mullets/Projects/croma/_imgs/bg_input.gif, referer: http://localhost/produtos
[Thu Jun 14 22:48:24 2012] [error] [client ::1] File does not exist: /Users/mullets/Projects/croma/_imgs/bg_input.gif, referer: http://localhost/central-do-cliente
[Thu Jun 14 22:48:25 2012] [error] [client ::1] File does not exist: /Users/mullets/Projects/croma/_imgs/bg_input.gif, referer: http://localhost/sustentabilidade
[Thu Jun 14 22:48:25 2012] [error] [client ::1] File does not exist: /Users/mullets/Projects/croma/_imgs/bg_input.gif, referer: http://localhost/atuacao
[Thu Jun 14 22:48:25 2012] [error] [client ::1] File does not exist: /Users/mullets/Projects/croma/_imgs/bg_input.gif, referer: http://localhost/processos
[Thu Jun 14 22:48:26 2012] [error] [client ::1] File does not exist: /Users/mullets/Projects/croma/_imgs/bg_input.gif, referer: http://localhost/intranet
[Thu Jun 14 22:48:26 2012] [error] [client ::1] File does not exist: /Users/mullets/Projects/croma/_imgs/bg_input.gif, referer: http://localhost/contato
[Thu Jun 14 22:49:31 2012] [error] [client ::1] File does not exist: /Users/mullets/Projects/croma/_imgs/bg_input.gif, referer: http://localhost/produtos
[Thu Jun 14 22:49:31 2012] [error] [client ::1] File does not exist: /Users/mullets/Projects/croma/_imgs/bg_input.gif, referer: http://localhost/central-do-cliente
[Thu Jun 14 22:49:32 2012] [error] [client ::1] File does not exist: /Users/mullets/Projects/croma/_imgs/bg_input.gif, referer: http://localhost/sustentabilidade
[Thu Jun 14 22:49:32 2012] [error] [client ::1] File does not exist: /Users/mullets/Projects/croma/_imgs/bg_input.gif, referer: http://localhost/atuacao
[Thu Jun 14 22:49:33 2012] [error] [client ::1] File does not exist: /Users/mullets/Projects/croma/_imgs/bg_input.gif, referer: http://localhost/processos
[Thu Jun 14 22:49:33 2012] [error] [client ::1] File does not exist: /Users/mullets/Projects/croma/_imgs/bg_input.gif, referer: http://localhost/intranet
[Thu Jun 14 22:49:33 2012] [error] [client ::1] File does not exist: /Users/mullets/Projects/croma/_imgs/bg_input.gif, referer: http://localhost/contato
[Thu Jun 14 22:49:34 2012] [error] [client ::1] File does not exist: /Users/mullets/Projects/croma/_imgs/bg_input.gif, referer: http://localhost/sustentabilidade
[Thu Jun 14 22:49:34 2012] [error] [client ::1] File does not exist: /Users/mullets/Projects/croma/_imgs/bg_input.gif, referer: http://localhost/central-do-cliente
[Thu Jun 14 22:49:35 2012] [error] [client ::1] File does not exist: /Users/mullets/Projects/croma/_imgs/bg_input.gif, referer: http://localhost/produtos
[Thu Jun 14 22:49:35 2012] [error] [client ::1] File does not exist: /Users/mullets/Projects/croma/_imgs/bg_input.gif, referer: http://localhost/empresa
[Thu Jun 14 22:49:36 2012] [error] [client ::1] File does not exist: /Users/mullets/Projects/croma/_imgs/bg_input.gif, referer: http://localhost/home
[Thu Jun 14 22:49:39 2012] [error] [client ::1] File does not exist: /Users/mullets/Projects/croma/_imgs/bg_input.gif, referer: http://localhost/empresa
[Thu Jun 14 22:49:39 2012] [error] [client ::1] File does not exist: /Users/mullets/Projects/croma/_imgs/bg_input.gif, referer: http://localhost/produtos
[Thu Jun 14 22:49:40 2012] [error] [client ::1] File does not exist: /Users/mullets/Projects/croma/_imgs/bg_input.gif, referer: http://localhost/central-do-cliente
[Thu Jun 14 22:49:40 2012] [error] [client ::1] File does not exist: /Users/mullets/Projects/croma/_imgs/bg_input.gif, referer: http://localhost/central-do-cliente
[Thu Jun 14 22:49:41 2012] [error] [client ::1] File does not exist: /Users/mullets/Projects/croma/_imgs/bg_input.gif, referer: http://localhost/sustentabilidade
[Thu Jun 14 22:49:41 2012] [error] [client ::1] File does not exist: /Users/mullets/Projects/croma/_imgs/bg_input.gif, referer: http://localhost/atuacao
[Thu Jun 14 22:49:42 2012] [error] [client ::1] File does not exist: /Users/mullets/Projects/croma/_imgs/bg_input.gif, referer: http://localhost/processos
[Thu Jun 14 22:49:42 2012] [error] [client ::1] File does not exist: /Users/mullets/Projects/croma/_imgs/bg_input.gif, referer: http://localhost/intranet
[Thu Jun 14 22:49:42 2012] [error] [client ::1] File does not exist: /Users/mullets/Projects/croma/_imgs/bg_input.gif, referer: http://localhost/contato
[Thu Jun 14 22:49:45 2012] [error] [client ::1] File does not exist: /Users/mullets/Projects/croma/_imgs/bg_input.gif, referer: http://localhost/home
[Thu Jun 14 22:49:46 2012] [error] [client ::1] File does not exist: /Users/mullets/Projects/croma/_imgs/bg_input.gif, referer: http://localhost/contato
